0 info it worked if it ends with ok
1 verbose cli [ 'C:\\Program Files\\nodejs\\node.exe',
1 verbose cli   'C:\\Program Files\\nodejs\\node_modules\\npm\\bin\\npm-cli.js',
1 verbose cli   'run',
1 verbose cli   'test' ]
2 info using npm@4.1.2
3 info using node@v7.7.2
4 verbose run-script [ 'pretest', 'test', 'posttest' ]
5 info lifecycle optimizedhtml@2.0.1~pretest: optimizedhtml@2.0.1
6 silly lifecycle optimizedhtml@2.0.1~pretest: no script for pretest, continuing
7 info lifecycle optimizedhtml@2.0.1~test: optimizedhtml@2.0.1
8 verbose lifecycle optimizedhtml@2.0.1~test: unsafe-perm in lifecycle true
9 verbose lifecycle optimizedhtml@2.0.1~test: PATH: C:\Program Files\nodejs\node_modules\npm\bin\node-gyp-bin;C:\Users\ketino\Desktop\projects\markup20\node_modules\.bin;C:\Users\ketino\bin;C:\Program Files\Git\mingw64\bin;C:\Program Files\Git\usr\local\bin;C:\Program Files\Git\usr\bin;C:\Program Files\Git\usr\bin;C:\Program Files\Git\mingw64\bin;C:\Program Files\Git\usr\bin;C:\Users\ketino\bin;C:\Windows\system32;C:\Windows;C:\Windows\System32\Wbem;C:\Windows\System32\WindowsPowerShell\v1.0;C:\Program Files (x86)\Skype\Phone;C:\Program Files\Git\cmd;C:\Program Files\nodejs;C:\Server\bin\php;C:\Server\bin\Apache24\bin;C:\Program Files\Git\usr\bin\vendor_perl;C:\Program Files\Git\usr\bin\core_perl
10 verbose lifecycle optimizedhtml@2.0.1~test: CWD: C:\Users\ketino\Desktop\projects\markup20
11 silly lifecycle optimizedhtml@2.0.1~test: Args: [ '/d /s /c', 'echo "Error: no test specified" && exit 1' ]
12 silly lifecycle optimizedhtml@2.0.1~test: Returned: code: 1  signal: null
13 info lifecycle optimizedhtml@2.0.1~test: Failed to exec test script
14 verbose stack Error: optimizedhtml@2.0.1 test: `echo "Error: no test specified" && exit 1`
14 verbose stack Exit status 1
14 verbose stack     at EventEmitter.<anonymous> (C:\Program Files\nodejs\node_modules\npm\lib\utils\lifecycle.js:279:16)
14 verbose stack     at emitTwo (events.js:106:13)
14 verbose stack     at EventEmitter.emit (events.js:194:7)
14 verbose stack     at ChildProcess.<anonymous> (C:\Program Files\nodejs\node_modules\npm\lib\utils\spawn.js:40:14)
14 verbose stack     at emitTwo (events.js:106:13)
14 verbose stack     at ChildProcess.emit (events.js:194:7)
14 verbose stack     at maybeClose (internal/child_process.js:899:16)
14 verbose stack     at Process.ChildProcess._handle.onexit (internal/child_process.js:226:5)
15 verbose pkgid optimizedhtml@2.0.1
16 verbose cwd C:\Users\ketino\Desktop\projects\markup20
17 error Windows_NT 6.1.7601
18 error argv "C:\\Program Files\\nodejs\\node.exe" "C:\\Program Files\\nodejs\\node_modules\\npm\\bin\\npm-cli.js" "run" "test"
19 error node v7.7.2
20 error npm  v4.1.2
21 error code ELIFECYCLE
22 error optimizedhtml@2.0.1 test: `echo "Error: no test specified" && exit 1`
22 error Exit status 1
23 error Failed at the optimizedhtml@2.0.1 test script 'echo "Error: no test specified" && exit 1'.
23 error Make sure you have the latest version of node.js and npm installed.
23 error If you do, this is most likely a problem with the optimizedhtml package,
23 error not with npm itself.
23 error Tell the author that this fails on your system:
23 error     echo "Error: no test specified" && exit 1
23 error You can get information on how to open an issue for this project with:
23 error     npm bugs optimizedhtml
23 error Or if that isn't available, you can get their info via:
23 error     npm owner ls optimizedhtml
23 error There is likely additional logging output above.
24 verbose exit [ 1, true ]
